e:\sis457\original\yo\spacman_ess\ppacmanusfx\x64\debug\vc142.pdb
e:\sis457\original\yo\spacman_ess\ppacmanusfx\x64\debug\vc142.idb
e:\sis457\original\yo\spacman_ess\ppacmanusfx\x64\debug\texture.obj
e:\sis457\original\yo\spacman_ess\ppacmanusfx\x64\debug\pared.obj
e:\sis457\original\yo\spacman_ess\ppacmanusfx\x64\debug\pacman.obj
e:\sis457\original\yo\spacman_ess\ppacmanusfx\x64\debug\moneda.obj
e:\sis457\original\yo\spacman_ess\ppacmanusfx\x64\debug\main.obj
e:\sis457\original\yo\spacman_ess\ppacmanusfx\x64\debug\gameobject.obj
e:\sis457\original\yo\spacman_ess\ppacmanusfx\x64\debug\gamemanager.obj
e:\sis457\original\yo\spacman_ess\ppacmanusfx\x64\debug\fruta.obj
e:\sis457\original\yo\spacman_ess\ppacmanusfx\x64\debug\fantasma4.obj
e:\sis457\original\yo\spacman_ess\ppacmanusfx\x64\debug\fantasma3.obj
e:\sis457\original\yo\spacman_ess\ppacmanusfx\x64\debug\fantasma2.obj
e:\sis457\original\yo\spacman_ess\ppacmanusfx\x64\debug\fantasma.obj
e:\sis457\original\yo\spacman_ess\ppacmanusfx\x64\debug\mapgenerator.obj
e:\sis457\original\yo\spacman_ess\x64\debug\ppacmanusfx.exe
e:\sis457\original\yo\spacman_ess\x64\debug\ppacmanusfx.ilk
e:\sis457\original\yo\spacman_ess\x64\debug\ppacmanusfx.pdb
e:\sis457\original\yo\spacman_ess\ppacmanusfx\x64\debug\ppacmanusfx.tlog\cl.command.1.tlog
e:\sis457\original\yo\spacman_ess\ppacmanusfx\x64\debug\ppacmanusfx.tlog\cl.read.1.tlog
e:\sis457\original\yo\spacman_ess\ppacmanusfx\x64\debug\ppacmanusfx.tlog\cl.write.1.tlog
e:\sis457\original\yo\spacman_ess\ppacmanusfx\x64\debug\ppacmanusfx.tlog\link.command.1.tlog
e:\sis457\original\yo\spacman_ess\ppacmanusfx\x64\debug\ppacmanusfx.tlog\link.read.1.tlog
e:\sis457\original\yo\spacman_ess\ppacmanusfx\x64\debug\ppacmanusfx.tlog\link.write.1.tlog
